2023-10-10 14:56:44.485  INFO 21768 --- [main] lavalink.server.Launcher                 : Starting Launcher using Java 17.0.8.1 on DESKTOP-9EGSDCM with PID 21768 (C:\Users\cassa\RiderProjects\Discordbot\lavalink\Lavalink.jar started by Cassa in C:\Users\cassa\RiderProjects\Discordbot\lavalink)
2023-10-10 14:56:44.504  INFO 21768 --- [main] lavalink.server.Launcher                 : No active profile set, falling back to 1 default profile: "default"
2023-10-10 14:56:45.673  INFO 21768 --- [main] lavalink.server.Launcher                 : Started Launcher in 1.954 seconds (JVM running for 2.507)
2023-10-10 14:56:45.677  INFO 21768 --- [main] lavalink.server.Launcher                 : You can safely ignore the big red warning about illegal reflection. See https://github.com/lavalink-devs/Lavalink/issues/295
2023-10-10 14:56:45.752  INFO 21768 --- [main] lavalink.server.Launcher                 : 

[32m       .  [31m _                  _ _       _    [32m__ _ _
[32m      /\\ [31m| | __ ___   ____ _| (_)_ __ | | __[32m\ \ \ \
[32m     ( ( )[31m| |/ _` \ \ / / _` | | | '_ \| |/ /[32m \ \ \ \
[32m      \\/ [31m| | (_| |\ V / (_| | | | | | |   < [32m  ) ) ) )
[32m       '  [31m|_|\__,_| \_/ \__,_|_|_|_| |_|_|\_\[32m / / / /
[0m    =========================================[32m/_/_/_/[0m

	Version:        3.7.8
	Build time:     03.08.2023 15:46:57 UTC
	Branch          HEAD
	Commit:         439f122
	Commit time:    03.08.2023 15:32:39 UTC
	JVM:            17.0.8.1
	Lavaplayer      1.5.0

2023-10-10 14:56:45.763  INFO 21768 --- [main] lavalink.server.Launcher                 : No active profile set, falling back to 1 default profile: "default"
2023-10-10 14:56:46.945  WARN 21768 --- [main] io.undertow.websockets.jsr               : UT026010: Buffer pool was not set on WebSocketDeploymentInfo, the default pool will be used
2023-10-10 14:56:46.996  INFO 21768 --- [main] io.undertow.servlet                      : Initializing Spring embedded WebApplicationContext
2023-10-10 14:56:46.997  INFO 21768 --- [main] w.s.c.ServletWebServerApplicationContext : Root WebApplicationContext: initialization completed in 1228 ms
2023-10-10 14:56:47.368  INFO 21768 --- [main] c.s.d.l.tools.GarbageCollectionMonitor   : GC monitoring enabled, reporting results every 2 minutes.
2023-10-10 14:56:49.135  INFO 21768 --- [main] lavalink.server.config.KoeConfiguration  : OS: WINDOWS, Arch: X86_64
2023-10-10 14:56:49.136  INFO 21768 --- [main] lavalink.server.config.KoeConfiguration  : Enabling JDA-NAS
2023-10-10 14:56:49.142  INFO 21768 --- [main] c.s.l.c.natives.NativeLibraryLoader      : Native library udpqueue: loading with filter null
2023-10-10 14:56:49.156  INFO 21768 --- [main] c.s.l.c.natives.NativeLibraryLoader      : Native library udpqueue: successfully loaded.
2023-10-10 14:56:49.216  WARN 21768 --- [main] l.server.config.SentryConfiguration      : Turning off sentry
2023-10-10 14:56:49.611  INFO 21768 --- [main] io.undertow                              : starting server: Undertow - 2.2.16.Final
2023-10-10 14:56:49.633  INFO 21768 --- [main] org.xnio                                 : XNIO version 3.8.6.Final
2023-10-10 14:56:49.661  INFO 21768 --- [main] org.xnio.nio                             : XNIO NIO Implementation Version 3.8.6.Final
2023-10-10 14:56:49.863  INFO 21768 --- [main] org.jboss.threads                        : JBoss Threads version 3.1.0.Final
2023-10-10 14:56:49.978  INFO 21768 --- [main] o.s.b.w.e.undertow.UndertowWebServer     : Undertow started on port(s) 2333 (http)
2023-10-10 14:56:49.985  INFO 21768 --- [main] lavalink.server.Launcher                 : Started Launcher in 4.299 seconds (JVM running for 6.819)
2023-10-10 14:56:49.986  INFO 21768 --- [main] lavalink.server.Launcher                 : Lavalink is ready to accept connections.
2023-10-10 15:01:14.415  INFO 21768 --- [XNIO-1 task-1] io.undertow.servlet                      : Initializing Spring DispatcherServlet 'dispatcherServlet'
2023-10-10 15:01:14.416  INFO 21768 --- [XNIO-1 task-1] o.s.web.servlet.DispatcherServlet        : Initializing Servlet 'dispatcherServlet'
2023-10-10 15:01:14.419  INFO 21768 --- [XNIO-1 task-1] o.s.web.servlet.DispatcherServlet        : Completed initialization in 1 ms
2023-10-10 15:01:14.554  INFO 21768 --- [XNIO-1 task-1] l.server.io.HandshakeInterceptorImpl     : Incoming connection from /127.0.0.1:63654
2023-10-10 15:01:14.580  INFO 21768 --- [XNIO-1 task-1] lavalink.server.io.RequestLoggingFilter  : GET /, client=127.0.0.1
2023-10-10 15:01:14.812  INFO 21768 --- [XNIO-1 task-1] lavalink.server.io.SocketServer          : Connection successfully established from DSharpPlus.Lavalink
2023-10-10 15:01:26.940  INFO 21768 --- [XNIO-1 I/O-6] lavalink.server.io.SocketServer          : {"sessionId":"13ea479098210b4562ed5273aa3547a7","event":{"token":"f88da3bad6f95d8b","guild_id":"445329368135237646","endpoint":"rotterdam11007.discord.media:443"},"op":"voiceUpdate","guildId":"445329368135237646"}
2023-10-10 15:01:26.941  WARN 21768 --- [XNIO-1 I/O-6] lavalink.server.io.WebSocketHandler      : Sending websocket commands to Lavalink has been deprecated and will be removed in API version 4. API version 3 will be removed in Lavalink 5. Please use the new REST endpoints instead.
2023-10-10 15:01:26.969  INFO 21768 --- [XNIO-1 task-1] l.server.player.AudioLoaderRestHandler   : Got request to load for identifier "ytsearch:gangnam style"
2023-10-10 15:01:27.629  INFO 21768 --- [lava-daemon-pool-info-loader-2-thread-1] lavalink.server.player.AudioLoader       : Loaded playlist Search results for: gangnam style
2023-10-10 15:01:27.705  INFO 21768 --- [XNIO-1 task-1] lavalink.server.io.RequestLoggingFilter  : GET /loadtracks?identifier=ytsearch%3Agangnam+style, client=127.0.0.1
2023-10-10 15:01:40.520  INFO 21768 --- [XNIO-1 I/O-6] lavalink.server.io.SocketServer          : {"op":"destroy","guildId":"445329368135237646"}
2023-10-10 15:01:48.050  INFO 21768 --- [XNIO-1 I/O-6] lavalink.server.io.SocketServer          : {"sessionId":"13ea479098210b4562ed5273aa3547a7","event":{"token":"fe9b786a6154ccb9","guild_id":"445329368135237646","endpoint":"rotterdam11007.discord.media:443"},"op":"voiceUpdate","guildId":"445329368135237646"}
2023-10-10 15:01:48.051  INFO 21768 --- [XNIO-1 task-1] l.server.player.AudioLoaderRestHandler   : Got request to load for identifier "ytsearch:gangnam style"
2023-10-10 15:01:48.612  INFO 21768 --- [lava-daemon-pool-info-loader-2-thread-1] lavalink.server.player.AudioLoader       : Loaded playlist Search results for: gangnam style
2023-10-10 15:01:48.618  INFO 21768 --- [XNIO-1 task-1] lavalink.server.io.RequestLoggingFilter  : GET /loadtracks?identifier=ytsearch%3Agangnam+style, client=127.0.0.1
2023-10-10 15:02:01.910  INFO 21768 --- [XNIO-1 I/O-6] lavalink.server.io.SocketServer          : {"track":"QAAAjQIAKFBTWSAtIEdBTkdOQU0gU1RZTEUo6rCV64Ko7Iqk7YOA7J28KSBNL1YAC29mZmljaWFscHN5AAAAAAAD3EgACzliWmtwN3ExOWYwAAEAK2h0dHBzOi8vd3d3LnlvdXR1YmUuY29tL3dhdGNoP3Y9OWJaa3A3cTE5ZjAAB3lvdXR1YmUAAAAAAAAAAA==","op":"play","guildId":"445329368135237646"}
2023-10-10 15:02:01.922  WARN 21768 --- [lava-daemon-pool-playback-1-thread-1] c.s.d.l.s.y.YoutubeAccessTokenTracker    : YouTube auth tokens can't be retrieved because email and password is not set in YoutubeAudioSourceManager, age restricted videos will throw exceptions.
2023-10-10 15:02:02.219  INFO 21768 --- [lava-daemon-pool-playback-1-thread-1] c.s.d.l.s.y.YoutubeAccessTokenTracker    : Updating YouTube visitor id (current is null).
2023-10-10 15:02:02.271  INFO 21768 --- [lava-daemon-pool-playback-1-thread-1] c.s.d.l.s.y.YoutubeAccessTokenTracker    : Updating YouTube visitor id succeeded, new one is CgtDSi1DU0dwOVhVWSi2-pSpBjIICgJBWBICEgA6CiCayMrt5abPkmU%3D, next update will be after 600 seconds.
2023-10-10 15:03:08.361  INFO 21768 --- [XNIO-1 I/O-6] lavalink.server.io.SocketServer          : {"op":"destroy","guildId":"445329368135237646"}
2023-10-10 15:03:18.091  INFO 21768 --- [XNIO-1 I/O-6] lavalink.server.io.SocketServer          : {"sessionId":"13ea479098210b4562ed5273aa3547a7","event":{"token":"a02313d97ca1d077","guild_id":"445329368135237646","endpoint":"rotterdam11007.discord.media:443"},"op":"voiceUpdate","guildId":"445329368135237646"}
2023-10-10 15:03:18.093  INFO 21768 --- [XNIO-1 task-1] l.server.player.AudioLoaderRestHandler   : Got request to load for identifier "ytsearch:daddy psy"
2023-10-10 15:03:18.712  INFO 21768 --- [lava-daemon-pool-info-loader-2-thread-1] lavalink.server.player.AudioLoader       : Loaded playlist Search results for: daddy psy
2023-10-10 15:03:18.718  INFO 21768 --- [XNIO-1 task-1] lavalink.server.io.RequestLoggingFilter  : GET /loadtracks?identifier=ytsearch%3Adaddy+psy, client=127.0.0.1
2023-10-10 15:03:32.254  INFO 21768 --- [XNIO-1 I/O-6] lavalink.server.io.SocketServer          : {"op":"destroy","guildId":"445329368135237646"}
2023-10-10 15:03:37.604  INFO 21768 --- [XNIO-1 I/O-6] lavalink.server.io.SocketServer          : {"sessionId":"13ea479098210b4562ed5273aa3547a7","event":{"token":"c4d4f86375cbd34c","guild_id":"445329368135237646","endpoint":"rotterdam11007.discord.media:443"},"op":"voiceUpdate","guildId":"445329368135237646"}
2023-10-10 15:03:37.605  INFO 21768 --- [XNIO-1 task-1] l.server.player.AudioLoaderRestHandler   : Got request to load for identifier "ytsearch:daddy psy"
2023-10-10 15:03:38.128  INFO 21768 --- [lava-daemon-pool-info-loader-2-thread-1] lavalink.server.player.AudioLoader       : Loaded playlist Search results for: daddy psy
2023-10-10 15:03:38.132  INFO 21768 --- [XNIO-1 task-1] lavalink.server.io.RequestLoggingFilter  : GET /loadtracks?identifier=ytsearch%3Adaddy+psy, client=127.0.0.1
2023-10-10 15:03:50.999  INFO 21768 --- [XNIO-1 I/O-6] lavalink.server.io.SocketServer          : {"op":"destroy","guildId":"445329368135237646"}
2023-10-10 15:03:55.308  INFO 21768 --- [XNIO-1 I/O-6] lavalink.server.io.SocketServer          : {"sessionId":"13ea479098210b4562ed5273aa3547a7","event":{"token":"203d8463ace2954e","guild_id":"445329368135237646","endpoint":"rotterdam11007.discord.media:443"},"op":"voiceUpdate","guildId":"445329368135237646"}
2023-10-10 15:03:55.309  INFO 21768 --- [XNIO-1 task-1] l.server.player.AudioLoaderRestHandler   : Got request to load for identifier "ytsearch:daddy psy"
2023-10-10 15:03:55.775  INFO 21768 --- [lava-daemon-pool-info-loader-2-thread-1] lavalink.server.player.AudioLoader       : Loaded playlist Search results for: daddy psy
2023-10-10 15:03:55.779  INFO 21768 --- [XNIO-1 task-1] lavalink.server.io.RequestLoggingFilter  : GET /loadtracks?identifier=ytsearch%3Adaddy+psy, client=127.0.0.1
2023-10-10 15:04:08.535  INFO 21768 --- [XNIO-1 I/O-6] lavalink.server.io.SocketServer          : {"op":"destroy","guildId":"445329368135237646"}
2023-10-10 15:04:14.582  INFO 21768 --- [XNIO-1 I/O-6] lavalink.server.io.SocketServer          : {"sessionId":"13ea479098210b4562ed5273aa3547a7","event":{"token":"68bf13b5472522be","guild_id":"445329368135237646","endpoint":"rotterdam11007.discord.media:443"},"op":"voiceUpdate","guildId":"445329368135237646"}
2023-10-10 15:04:14.582  INFO 21768 --- [XNIO-1 task-1] l.server.player.AudioLoaderRestHandler   : Got request to load for identifier "ytsearch:daddy psy"
2023-10-10 15:04:15.063  INFO 21768 --- [lava-daemon-pool-info-loader-2-thread-1] lavalink.server.player.AudioLoader       : Loaded playlist Search results for: daddy psy
2023-10-10 15:04:15.068  INFO 21768 --- [XNIO-1 task-1] lavalink.server.io.RequestLoggingFilter  : GET /loadtracks?identifier=ytsearch%3Adaddy+psy, client=127.0.0.1
2023-10-10 15:04:28.101  INFO 21768 --- [XNIO-1 I/O-6] lavalink.server.io.SocketServer          : {"op":"destroy","guildId":"445329368135237646"}
2023-10-10 15:04:32.249  INFO 21768 --- [XNIO-1 I/O-6] lavalink.server.io.SocketServer          : {"sessionId":"13ea479098210b4562ed5273aa3547a7","event":{"token":"85da99a32f368c15","guild_id":"445329368135237646","endpoint":"rotterdam11007.discord.media:443"},"op":"voiceUpdate","guildId":"445329368135237646"}
2023-10-10 15:04:32.250  INFO 21768 --- [XNIO-1 task-1] l.server.player.AudioLoaderRestHandler   : Got request to load for identifier "ytsearch:daddy psy"
2023-10-10 15:04:32.755  INFO 21768 --- [lava-daemon-pool-info-loader-2-thread-1] lavalink.server.player.AudioLoader       : Loaded playlist Search results for: daddy psy
2023-10-10 15:04:32.760  INFO 21768 --- [XNIO-1 task-1] lavalink.server.io.RequestLoggingFilter  : GET /loadtracks?identifier=ytsearch%3Adaddy+psy, client=127.0.0.1
2023-10-10 15:04:47.619  INFO 21768 --- [XNIO-1 I/O-6] lavalink.server.io.SocketServer          : {"track":"QAAAhgIAIVBTWSAtIERBRERZKGZlYXQuIENMIG9mIDJORTEpIE0vVgALb2ZmaWNpYWxwc3kAAAAAAAO9CAALRnJHNFRFY1N1UmcAAQAraHR0cHM6Ly93d3cueW91dHViZS5jb20vd2F0Y2g/dj1Gckc0VEVjU3VSZwAHeW91dHViZQAAAAAAAAAA","op":"play","guildId":"445329368135237646"}
2023-10-10 15:06:17.209  INFO 21768 --- [XNIO-1 I/O-6] lavalink.server.io.SocketServer          : {"op":"destroy","guildId":"445329368135237646"}
2023-10-10 15:06:21.795  INFO 21768 --- [XNIO-1 I/O-6] lavalink.server.io.SocketServer          : Connection closed from /127.0.0.1:63654 -- CloseStatus[code=1006, reason=]
2023-10-10 15:06:21.796  INFO 21768 --- [XNIO-1 I/O-6] lavalink.server.io.SocketContext         : Shutting down 0 playing players.
2023-10-10 15:09:01.676  INFO 21768 --- [XNIO-1 task-1] l.server.io.HandshakeInterceptorImpl     : Incoming connection from /127.0.0.1:63871
2023-10-10 15:09:01.678  INFO 21768 --- [XNIO-1 task-1] lavalink.server.io.RequestLoggingFilter  : GET /, client=127.0.0.1
2023-10-10 15:09:01.680  INFO 21768 --- [XNIO-1 task-1] lavalink.server.io.SocketServer          : Connection successfully established from DSharpPlus.Lavalink
2023-10-10 15:09:16.252  INFO 21768 --- [XNIO-1 I/O-11] lavalink.server.io.SocketServer          : {"sessionId":"530af9a1f5058c75f89862dedff0f6dc","event":{"token":"fdba7b47d834601e","guild_id":"445329368135237646","endpoint":"rotterdam11007.discord.media:443"},"op":"voiceUpdate","guildId":"445329368135237646"}
2023-10-10 15:09:16.253  WARN 21768 --- [XNIO-1 I/O-11] lavalink.server.io.WebSocketHandler      : Sending websocket commands to Lavalink has been deprecated and will be removed in API version 4. API version 3 will be removed in Lavalink 5. Please use the new REST endpoints instead.
2023-10-10 15:09:16.261  INFO 21768 --- [XNIO-1 task-1] l.server.player.AudioLoaderRestHandler   : Got request to load for identifier "ytsearch:cherry pie"
2023-10-10 15:09:16.844  INFO 21768 --- [lava-daemon-pool-info-loader-2-thread-1] lavalink.server.player.AudioLoader       : Loaded playlist Search results for: cherry pie
2023-10-10 15:09:16.847  INFO 21768 --- [XNIO-1 task-1] lavalink.server.io.RequestLoggingFilter  : GET /loadtracks?identifier=ytsearch%3Acherry+pie, client=127.0.0.1
2023-10-10 15:09:30.057  INFO 21768 --- [XNIO-1 I/O-11] lavalink.server.io.SocketServer          : {"track":"QAAAjgIAFFdhcnJhbnQgLSBDaGVycnkgUGllACBXYXJyYW50IE9mZmljaWFsIFlvdVR1YmUgQ2hhbm5lbAAAAAAAAw1AAAtPanlaS2Zkd2xuZwABACtodHRwczovL3d3dy55b3V0dWJlLmNvbS93YXRjaD92PU9qeVpLZmR3bG5nAAd5b3V0dWJlAAAAAAAAAAA=","op":"play","guildId":"445329368135237646"}
2023-10-10 15:09:47.763  INFO 21768 --- [XNIO-1 task-1] l.server.player.AudioLoaderRestHandler   : Got request to load for identifier "ytsearch:back in black"
2023-10-10 15:09:48.217  INFO 21768 --- [lava-daemon-pool-info-loader-2-thread-1] lavalink.server.player.AudioLoader       : Loaded playlist Search results for: back in black
2023-10-10 15:09:48.225  INFO 21768 --- [XNIO-1 task-1] lavalink.server.io.RequestLoggingFilter  : GET /loadtracks?identifier=ytsearch%3Aback+in+black, client=127.0.0.1
2023-10-10 15:10:34.335  INFO 21768 --- [XNIO-1 I/O-11] lavalink.server.io.SocketServer          : {"op":"stop","guildId":"445329368135237646"}
2023-10-10 15:10:34.340  INFO 21768 --- [XNIO-1 I/O-11] lavalink.server.io.SocketServer          : {"track":"QAAAhQIAJkFDL0RDIC0gQmFjayBJbiBCbGFjayAoT2ZmaWNpYWwgVmlkZW8pAAVBQy9EQwAAAAAAA+AwAAtwQWduSkRKTjRWQQABACtodHRwczovL3d3dy55b3V0dWJlLmNvbS93YXRjaD92PXBBZ25KREpONFZBAAd5b3V0dWJlAAAAAAAAAAA=","op":"play","guildId":"445329368135237646"}
2023-10-10 15:10:43.777  INFO 21768 --- [XNIO-1 task-1] l.server.player.AudioLoaderRestHandler   : Got request to load for identifier "ytsearch:sweet child o mine"
2023-10-10 15:10:44.332  INFO 21768 --- [lava-daemon-pool-info-loader-2-thread-1] lavalink.server.player.AudioLoader       : Loaded playlist Search results for: sweet child o mine
2023-10-10 15:10:44.338  INFO 21768 --- [XNIO-1 task-1] lavalink.server.io.RequestLoggingFilter  : GET /loadtracks?identifier=ytsearch%3Asweet+child+o+mine, client=127.0.0.1
2023-10-10 15:11:17.540  INFO 21768 --- [XNIO-1 I/O-11] lavalink.server.io.SocketServer          : {"op":"stop","guildId":"445329368135237646"}
2023-10-10 15:11:17.542  INFO 21768 --- [XNIO-1 I/O-11] lavalink.server.io.SocketServer          : {"track":"QAAAoQIAOkd1bnMgTicgUm9zZXMgLSBTd2VldCBDaGlsZCBPJyBNaW5lIChPZmZpY2lhbCBNdXNpYyBWaWRlbykADUd1bnMgTicgUm9zZXMAAAAAAASfmAALMXc3T2dJTU1SYzQAAQAraHR0cHM6Ly93d3cueW91dHViZS5jb20vd2F0Y2g/dj0xdzdPZ0lNTVJjNAAHeW91dHViZQAAAAAAAAAA","op":"play","guildId":"445329368135237646"}
2023-10-10 15:11:23.671  INFO 21768 --- [XNIO-1 task-1] l.server.player.AudioLoaderRestHandler   : Got request to load for identifier "ytsearch:welcome to the jungle"
2023-10-10 15:11:24.193  INFO 21768 --- [lava-daemon-pool-info-loader-2-thread-1] lavalink.server.player.AudioLoader       : Loaded playlist Search results for: welcome to the jungle
2023-10-10 15:11:24.199  INFO 21768 --- [XNIO-1 task-1] lavalink.server.io.RequestLoggingFilter  : GET /loadtracks?identifier=ytsearch%3Awelcome+to+the+jungle, client=127.0.0.1
2023-10-10 15:11:42.783  INFO 21768 --- [XNIO-1 task-1] l.server.player.AudioLoaderRestHandler   : Got request to load for identifier "ytsearch:gangnam style"
2023-10-10 15:11:43.265  INFO 21768 --- [lava-daemon-pool-info-loader-2-thread-1] lavalink.server.player.AudioLoader       : Loaded playlist Search results for: gangnam style
2023-10-10 15:11:43.269  INFO 21768 --- [XNIO-1 task-1] lavalink.server.io.RequestLoggingFilter  : GET /loadtracks?identifier=ytsearch%3Agangnam+style, client=127.0.0.1
2023-10-10 15:13:04.306  INFO 21768 --- [XNIO-1 I/O-11] lavalink.server.io.SocketServer          : {"op":"destroy","guildId":"445329368135237646"}
2023-10-10 15:13:22.093  INFO 21768 --- [XNIO-1 I/O-11] lavalink.server.io.SocketServer          : Connection closed from /127.0.0.1:63871 -- CloseStatus[code=1006, reason=]
2023-10-10 15:13:22.094  INFO 21768 --- [XNIO-1 I/O-11] lavalink.server.io.SocketContext         : Shutting down 0 playing players.
2023-10-10 15:13:33.499  INFO 21768 --- [XNIO-1 task-1] l.server.io.HandshakeInterceptorImpl     : Incoming connection from /127.0.0.1:64006
2023-10-10 15:13:33.501  INFO 21768 --- [XNIO-1 task-1] lavalink.server.io.RequestLoggingFilter  : GET /, client=127.0.0.1
2023-10-10 15:13:33.503  INFO 21768 --- [XNIO-1 task-1] lavalink.server.io.SocketServer          : Connection successfully established from DSharpPlus.Lavalink
2023-10-10 15:13:43.832  INFO 21768 --- [XNIO-1 I/O-6] lavalink.server.io.SocketServer          : {"sessionId":"3974a706e49bff26dbd8e6b6531c4d5c","event":{"token":"7cd1016cc837b9ee","guild_id":"445329368135237646","endpoint":"rotterdam11007.discord.media:443"},"op":"voiceUpdate","guildId":"445329368135237646"}
2023-10-10 15:13:43.833  WARN 21768 --- [XNIO-1 I/O-6] lavalink.server.io.WebSocketHandler      : Sending websocket commands to Lavalink has been deprecated and will be removed in API version 4. API version 3 will be removed in Lavalink 5. Please use the new REST endpoints instead.
2023-10-10 15:13:43.840  INFO 21768 --- [XNIO-1 task-1] l.server.player.AudioLoaderRestHandler   : Got request to load for identifier "ytsearch:underwater tujamo"
2023-10-10 15:13:44.276  INFO 21768 --- [lava-daemon-pool-info-loader-2-thread-1] lavalink.server.player.AudioLoader       : Loaded playlist Search results for: underwater tujamo
2023-10-10 15:13:44.280  INFO 21768 --- [XNIO-1 task-1] lavalink.server.io.RequestLoggingFilter  : GET /loadtracks?identifier=ytsearch%3Aunderwater+tujamo, client=127.0.0.1
2023-10-10 15:13:57.394  INFO 21768 --- [XNIO-1 I/O-6] lavalink.server.io.SocketServer          : {"track":"QAAAiAIAKFRVSkFNTyAtIFVuZGVyd2F0ZXIgKE9mZmljYWwgVmlzdWFsaXplcikABlRVSkFNTwAAAAAAAibIAAs1N0tWZHotLUZsTQABACtodHRwczovL3d3dy55b3V0dWJlLmNvbS93YXRjaD92PTU3S1Zkei0tRmxNAAd5b3V0dWJlAAAAAAAAAAA=","op":"play","guildId":"445329368135237646"}
2023-10-10 15:13:57.396  INFO 21768 --- [lava-daemon-pool-playback-1-thread-1] c.s.d.l.s.y.YoutubeAccessTokenTracker    : Updating YouTube visitor id (current is CgtDSi1DU0dwOVhVWSi2-pSpBjIICgJBWBICEgA6CiCayMrt5abPkmU%3D).
2023-10-10 15:13:57.440  INFO 21768 --- [lava-daemon-pool-playback-1-thread-1] c.s.d.l.s.y.YoutubeAccessTokenTracker    : Updating YouTube visitor id succeeded, new one is CgtpZlhmbjVGbGpxZyiBgJWpBjIICgJBWBICEgA6CiDslomClIDQkmU%3D, next update will be after 600 seconds.
2023-10-10 15:15:14.892  INFO 21768 --- [XNIO-1 I/O-6] lavalink.server.io.SocketServer          : {"op":"destroy","guildId":"445329368135237646"}
2023-10-10 15:16:26.128  INFO 21768 --- [XNIO-1 I/O-6] lavalink.server.io.SocketServer          : Connection closed from /127.0.0.1:64006 -- CloseStatus[code=1006, reason=]
2023-10-10 15:16:26.129  INFO 21768 --- [XNIO-1 I/O-6] lavalink.server.io.SocketContext         : Shutting down 0 playing players.
2023-10-10 15:16:34.939  INFO 21768 --- [XNIO-1 task-1] l.server.io.HandshakeInterceptorImpl     : Incoming connection from /127.0.0.1:64096
2023-10-10 15:16:34.941  INFO 21768 --- [XNIO-1 task-1] lavalink.server.io.RequestLoggingFilter  : GET /, client=127.0.0.1
2023-10-10 15:16:34.943  INFO 21768 --- [XNIO-1 task-1] lavalink.server.io.SocketServer          : Connection successfully established from DSharpPlus.Lavalink
2023-10-10 15:17:32.510  INFO 21768 --- [XNIO-1 I/O-1] lavalink.server.io.SocketServer          : Connection closed from /127.0.0.1:64096 -- CloseStatus[code=1006, reason=]
2023-10-10 15:17:32.511  INFO 21768 --- [XNIO-1 I/O-1] lavalink.server.io.SocketContext         : Shutting down 0 playing players.
2023-10-10 15:23:33.969  INFO 21768 --- [XNIO-1 task-1] l.server.io.HandshakeInterceptorImpl     : Incoming connection from /127.0.0.1:64308
2023-10-10 15:23:33.971  INFO 21768 --- [XNIO-1 task-1] lavalink.server.io.RequestLoggingFilter  : GET /, client=127.0.0.1
2023-10-10 15:23:33.973  INFO 21768 --- [XNIO-1 task-1] lavalink.server.io.SocketServer          : Connection successfully established from DSharpPlus.Lavalink
2023-10-10 15:23:43.813  INFO 21768 --- [XNIO-1 I/O-4] lavalink.server.io.SocketServer          : {"sessionId":"86dca156f1ca43eb29dce40b67e94f64","event":{"token":"08afa6d0167dc713","guild_id":"445329368135237646","endpoint":"rotterdam11007.discord.media:443"},"op":"voiceUpdate","guildId":"445329368135237646"}
2023-10-10 15:23:43.814  WARN 21768 --- [XNIO-1 I/O-4] lavalink.server.io.WebSocketHandler      : Sending websocket commands to Lavalink has been deprecated and will be removed in API version 4. API version 3 will be removed in Lavalink 5. Please use the new REST endpoints instead.
2023-10-10 15:23:43.822  INFO 21768 --- [XNIO-1 task-1] l.server.player.AudioLoaderRestHandler   : Got request to load for identifier "ytsearch:slow ride"
2023-10-10 15:23:44.421  INFO 21768 --- [lava-daemon-pool-info-loader-2-thread-1] lavalink.server.player.AudioLoader       : Loaded playlist Search results for: slow ride
2023-10-10 15:23:44.429  INFO 21768 --- [XNIO-1 task-1] lavalink.server.io.RequestLoggingFilter  : GET /loadtracks?identifier=ytsearch%3Aslow+ride, client=127.0.0.1
2023-10-10 15:23:57.303  INFO 21768 --- [XNIO-1 I/O-4] lavalink.server.io.SocketServer          : {"track":"QAAAggIAI0ZvZ2hhdCAtIFNsb3cgUmlkZSAoT2ZmaWNpYWwgQXVkaW8pAAVSSElOTwAAAAAAB42YAAtEZndzWG41bjhIVQABACtodHRwczovL3d3dy55b3V0dWJlLmNvbS93YXRjaD92PURmd3NYbjVuOEhVAAd5b3V0dWJlAAAAAAAAAAA=","op":"play","guildId":"445329368135237646"}
2023-10-10 15:24:11.795  INFO 21768 --- [XNIO-1 I/O-4] lavalink.server.io.SocketServer          : {"op":"destroy","guildId":"445329368135237646"}
2023-10-10 15:24:33.758  INFO 21768 --- [XNIO-1 I/O-4] lavalink.server.io.SocketServer          : {"sessionId":"86dca156f1ca43eb29dce40b67e94f64","event":{"token":"8a850eebaef8563a","guild_id":"445329368135237646","endpoint":"rotterdam11007.discord.media:443"},"op":"voiceUpdate","guildId":"445329368135237646"}
2023-10-10 15:24:33.759  INFO 21768 --- [XNIO-1 task-1] l.server.player.AudioLoaderRestHandler   : Got request to load for identifier "ytsearch:sweet home alabama"
2023-10-10 15:24:34.271  INFO 21768 --- [lava-daemon-pool-info-loader-2-thread-1] lavalink.server.player.AudioLoader       : Loaded playlist Search results for: sweet home alabama
2023-10-10 15:24:34.278  INFO 21768 --- [XNIO-1 task-1] lavalink.server.io.RequestLoggingFilter  : GET /loadtracks?identifier=ytsearch%3Asweet+home+alabama, client=127.0.0.1
2023-10-10 15:24:34.280  INFO 21768 --- [XNIO-1 I/O-4] lavalink.server.io.SocketServer          : {"track":"QAAAkwIAK0x5bnlyZCBTa3lueXJkIC0gU3dlZXQgSG9tZSBBbGFiYW1hIChBdWRpbykADkx5bnlyZCBTa3lueXJkAAAAAAAEVWAACy0zNVdfRldDVDlRAAEAK2h0dHBzOi8vd3d3LnlvdXR1YmUuY29tL3dhdGNoP3Y9LTM1V19GV0NUOVEAB3lvdXR1YmUAAAAAAAAAAA==","op":"play","guildId":"445329368135237646"}
2023-10-10 15:24:34.282  INFO 21768 --- [lava-daemon-pool-playback-1-thread-1] c.s.d.l.s.y.YoutubeAccessTokenTracker    : Updating YouTube visitor id (current is CgtpZlhmbjVGbGpxZyiBgJWpBjIICgJBWBICEgA6CiDslomClIDQkmU%3D).
2023-10-10 15:24:34.312  INFO 21768 --- [lava-daemon-pool-playback-1-thread-1] c.s.d.l.s.y.YoutubeAccessTokenTracker    : Updating YouTube visitor id succeeded, new one is CgsyX2h3SzhCN2xLNCj-hJWpBjIICgJBWBICEgA6CiCb4p2d4c_QkmU%3D, next update will be after 600 seconds.
2023-10-10 15:24:42.653  INFO 21768 --- [XNIO-1 I/O-4] lavalink.server.io.SocketServer          : {"op":"destroy","guildId":"445329368135237646"}
2023-10-10 15:26:10.191  INFO 21768 --- [XNIO-1 I/O-4] lavalink.server.io.SocketServer          : {"sessionId":"86dca156f1ca43eb29dce40b67e94f64","event":{"token":"5ac1def469c2b63d","guild_id":"445329368135237646","endpoint":"rotterdam11007.discord.media:443"},"op":"voiceUpdate","guildId":"445329368135237646"}
2023-10-10 15:26:10.195  INFO 21768 --- [XNIO-1 task-1] l.server.player.AudioLoaderRestHandler   : Got request to load for identifier "ytsearch:free bird"
2023-10-10 15:26:10.774  INFO 21768 --- [lava-daemon-pool-info-loader-2-thread-1] lavalink.server.player.AudioLoader       : Loaded playlist Search results for: free bird
2023-10-10 15:26:10.780  INFO 21768 --- [XNIO-1 task-1] lavalink.server.io.RequestLoggingFilter  : GET /loadtracks?identifier=ytsearch%3Afree+bird, client=127.0.0.1
2023-10-10 15:26:23.707  INFO 21768 --- [XNIO-1 I/O-4] lavalink.server.io.SocketServer          : {"track":"QAAAkwIAK0x5bnlyZCBTa3lueXJkIC0gRnJlZSBCaXJkIChPZmZpY2lhbCBBdWRpbykADkx5bnlyZCBTa3lueXJkAAAAAAAIaFgACzBMd2N2ak5KVHVNAAEAK2h0dHBzOi8vd3d3LnlvdXR1YmUuY29tL3dhdGNoP3Y9MEx3Y3ZqTkpUdU0AB3lvdXR1YmUAAAAAAAAAAA==","op":"play","guildId":"445329368135237646"}
2023-10-10 15:30:49.942  INFO 21768 --- [XNIO-1 task-1] l.server.player.AudioLoaderRestHandler   : Got request to load for identifier "ytsearch:wonderwall"
2023-10-10 15:30:50.482  INFO 21768 --- [lava-daemon-pool-info-loader-2-thread-1] lavalink.server.player.AudioLoader       : Loaded playlist Search results for: wonderwall
2023-10-10 15:30:50.486  INFO 21768 --- [XNIO-1 task-1] lavalink.server.io.RequestLoggingFilter  : GET /loadtracks?identifier=ytsearch%3Awonderwall, client=127.0.0.1
2023-10-10 15:35:34.208  INFO 21768 --- [XNIO-1 I/O-4] lavalink.server.io.SocketServer          : {"track":"QAAAggIAI09hc2lzIC0gV29uZGVyd2FsbCAoT2ZmaWNpYWwgVmlkZW8pAAVPYXNpcwAAAAAABD3wAAtieDFCaDhadkg4NAABACtodHRwczovL3d3dy55b3V0dWJlLmNvbS93YXRjaD92PWJ4MUJoOFp2SDg0AAd5b3V0dWJlAAAAAAAAAAA=","op":"play","guildId":"445329368135237646"}
2023-10-10 15:35:34.211  INFO 21768 --- [lava-daemon-pool-playback-1-thread-1] c.s.d.l.s.y.YoutubeAccessTokenTracker    : Updating YouTube visitor id (current is CgsyX2h3SzhCN2xLNCj-hJWpBjIICgJBWBICEgA6CiCb4p2d4c_QkmU%3D).
2023-10-10 15:35:34.266  INFO 21768 --- [lava-daemon-pool-playback-1-thread-1] c.s.d.l.s.y.YoutubeAccessTokenTracker    : Updating YouTube visitor id succeeded, new one is CgtiSi01SlV2UVRwSSiSipWpBjIICgJBWBICEgA6CiCSsfewpKLRkmU%3D, next update will be after 600 seconds.
2023-10-10 15:40:12.248  INFO 21768 --- [XNIO-1 I/O-4] lavalink.server.io.SocketServer          : {"op":"destroy","guildId":"445329368135237646"}
2023-10-10 16:13:38.373  INFO 21768 --- [XNIO-1 I/O-4] lavalink.server.io.SocketServer          : {"sessionId":"86dca156f1ca43eb29dce40b67e94f64","event":{"token":"a8c18ee8e5b1903f","guild_id":"445329368135237646","endpoint":"rotterdam11007.discord.media:443"},"op":"voiceUpdate","guildId":"445329368135237646"}
2023-10-10 16:13:38.376  INFO 21768 --- [XNIO-1 task-1] l.server.player.AudioLoaderRestHandler   : Got request to load for identifier "ytsearch:space cadet"
2023-10-10 16:13:38.874  INFO 21768 --- [lava-daemon-pool-info-loader-2-thread-1] lavalink.server.player.AudioLoader       : Loaded playlist Search results for: space cadet
2023-10-10 16:13:38.893  INFO 21768 --- [XNIO-1 task-1] lavalink.server.io.RequestLoggingFilter  : GET /loadtracks?identifier=ytsearch%3Aspace+cadet, client=127.0.0.1
2023-10-10 16:13:38.895  INFO 21768 --- [XNIO-1 I/O-4] lavalink.server.io.SocketServer          : {"track":"QAAAoQIAO01ldHJvIEJvb21pbiAtIFNwYWNlIENhZGV0IChPZmZpY2lhbCBNdXNpYyBWaWRlbykgZnQuIEd1bm5hAAxNZXRybyBCb29taW4AAAAAAANH2AALcUJXaGM0cWJzam8AAQAraHR0cHM6Ly93d3cueW91dHViZS5jb20vd2F0Y2g/dj1xQldoYzRxYnNqbwAHeW91dHViZQAAAAAAAAAA","op":"play","guildId":"445329368135237646"}
2023-10-10 16:13:38.896  INFO 21768 --- [lava-daemon-pool-playback-1-thread-1] c.s.d.l.s.y.YoutubeAccessTokenTracker    : Updating YouTube visitor id (current is CgtiSi01SlV2UVRwSSiSipWpBjIICgJBWBICEgA6CiCSsfewpKLRkmU%3D).
2023-10-10 16:13:38.958  INFO 21768 --- [lava-daemon-pool-playback-1-thread-1] c.s.d.l.s.y.YoutubeAccessTokenTracker    : Updating YouTube visitor id succeeded, new one is CgtYbERDbjRwWlJhVSj-m5WpBjIICgJBWBICEgA6CiDZ1u_75L_TkmU%3D, next update will be after 600 seconds.
2023-10-10 16:17:13.702  INFO 21768 --- [XNIO-1 I/O-4] lavalink.server.io.SocketServer          : {"op":"destroy","guildId":"445329368135237646"}
2023-10-10 16:20:16.656  INFO 21768 --- [XNIO-1 I/O-4] lavalink.server.io.SocketServer          : {"sessionId":"86dca156f1ca43eb29dce40b67e94f64","event":{"token":"70e8da8205a70760","guild_id":"445329368135237646","endpoint":"rotterdam11007.discord.media:443"},"op":"voiceUpdate","guildId":"445329368135237646"}
2023-10-10 16:20:16.659  INFO 21768 --- [XNIO-1 task-1] l.server.player.AudioLoaderRestHandler   : Got request to load for identifier "ytsearch:i like big boy idibidi boys mississippi boys and the city boys"
2023-10-10 16:20:16.895  INFO 21768 --- [lava-daemon-pool-info-loader-2-thread-1] lavalink.server.player.AudioLoader       : No matches found
2023-10-10 16:20:17.123  INFO 21768 --- [XNIO-1 task-1] lavalink.server.io.RequestLoggingFilter  : GET /loadtracks?identifier=ytsearch%3Ai+like+big+boy+idibidi+boys+mississippi+boys+and+the+city+boys, client=127.0.0.1
2023-10-10 17:07:07.366  INFO 21768 --- [XNIO-1 task-1] l.server.player.AudioLoaderRestHandler   : Got request to load for identifier "ytsearch:beatbox im a barbie girl"
2023-10-10 17:07:07.931  INFO 21768 --- [lava-daemon-pool-info-loader-2-thread-1] lavalink.server.player.AudioLoader       : Loaded playlist Search results for: beatbox im a barbie girl
2023-10-10 17:07:08.000  INFO 21768 --- [XNIO-1 task-1] lavalink.server.io.RequestLoggingFilter  : GET /loadtracks?identifier=ytsearch%3Abeatbox+im+a+barbie+girl, client=127.0.0.1
2023-10-10 17:07:08.004  INFO 21768 --- [XNIO-1 I/O-4] lavalink.server.io.SocketServer          : {"track":"QAAAjAIAJ0NPTUUgT04gQkFSQklFIExFVOKAmVMgR08gUEFSVFkgI3Nob3J0cwALUGFpZ2UgWmlsYmEAAAAAAABV8AALbkdnUzRNZ3VPWU0AAQAraHR0cHM6Ly93d3cueW91dHViZS5jb20vd2F0Y2g/dj1uR2dTNE1ndU9ZTQAHeW91dHViZQAAAAAAAAAA","op":"play","guildId":"445329368135237646"}
2023-10-10 17:07:08.007  INFO 21768 --- [lava-daemon-pool-playback-1-thread-1] c.s.d.l.s.y.YoutubeAccessTokenTracker    : Updating YouTube visitor id (current is CgtYbERDbjRwWlJhVSj-m5WpBjIICgJBWBICEgA6CiDZ1u_75L_TkmU%3D).
2023-10-10 17:07:08.074  INFO 21768 --- [lava-daemon-pool-playback-1-thread-1] c.s.d.l.s.y.YoutubeAccessTokenTracker    : Updating YouTube visitor id succeeded, new one is CgtoLWxPTjFGQkk5VSiItZWpBjIICgJBWBICEgA6CiCN49mFg9HWkmU%3D, next update will be after 600 seconds.
2023-10-10 17:07:29.486  INFO 21768 --- [XNIO-1 I/O-4] lavalink.server.io.SocketServer          : {"op":"destroy","guildId":"445329368135237646"}
2023-10-10 21:05:51.302  INFO 21768 --- [XNIO-1 I/O-4] lavalink.server.io.SocketServer          : {"sessionId":"86dca156f1ca43eb29dce40b67e94f64","event":{"token":"b87f88f870994871","guild_id":"445329368135237646","endpoint":"rotterdam11007.discord.media:443"},"op":"voiceUpdate","guildId":"445329368135237646"}
2023-10-10 21:05:51.367  INFO 21768 --- [XNIO-1 task-1] l.server.player.AudioLoaderRestHandler   : Got request to load for identifier "ytsearch:vossi bop"
2023-10-10 21:05:51.991  INFO 21768 --- [lava-daemon-pool-info-loader-2-thread-1] lavalink.server.player.AudioLoader       : Loaded playlist Search results for: vossi bop
2023-10-10 21:05:52.109  INFO 21768 --- [XNIO-1 task-1] lavalink.server.io.RequestLoggingFilter  : GET /loadtracks?identifier=ytsearch%3Avossi+bop, client=127.0.0.1
2023-10-10 21:06:05.110  INFO 21768 --- [XNIO-1 I/O-4] lavalink.server.io.SocketServer          : {"track":"QAAAdAIAE1NUT1JNWlkgLSBWT1NTSSBCT1AAB1N0b3JtenkAAAAAAAMgyAALOUNsWXkwTXhzVTAAAQAraHR0cHM6Ly93d3cueW91dHViZS5jb20vd2F0Y2g/dj05Q2xZeTBNeHNVMAAHeW91dHViZQAAAAAAAAAA","op":"play","guildId":"445329368135237646"}
2023-10-10 21:06:05.113  INFO 21768 --- [lava-daemon-pool-playback-1-thread-1] c.s.d.l.s.y.YoutubeAccessTokenTracker    : Updating YouTube visitor id (current is CgtoLWxPTjFGQkk5VSiItZWpBjIICgJBWBICEgA6CiCN49mFg9HWkmU%3D).
2023-10-10 21:06:05.159  INFO 21768 --- [lava-daemon-pool-playback-1-thread-1] c.s.d.l.s.y.YoutubeAccessTokenTracker    : Updating YouTube visitor id succeeded, new one is CgtKWGczUHFhZGY1USiJpZapBjIICgJBWBICEgA6CiCgvpSLkdHkkmU%3D, next update will be after 600 seconds.
2023-10-10 21:09:29.622  INFO 21768 --- [XNIO-1 I/O-4] lavalink.server.io.SocketServer          : {"op":"destroy","guildId":"445329368135237646"}
2023-10-10 21:10:11.823  INFO 21768 --- [XNIO-1 I/O-4] lavalink.server.io.SocketServer          : {"sessionId":"86dca156f1ca43eb29dce40b67e94f64","event":{"token":"fc09edbf3a6f6ef8","guild_id":"445329368135237646","endpoint":"rotterdam11007.discord.media:443"},"op":"voiceUpdate","guildId":"445329368135237646"}
2023-10-10 21:10:11.825  INFO 21768 --- [XNIO-1 task-1] l.server.player.AudioLoaderRestHandler   : Got request to load for identifier "ytsearch:jakobstad"
2023-10-10 21:10:12.256  INFO 21768 --- [lava-daemon-pool-info-loader-2-thread-1] lavalink.server.player.AudioLoader       : Loaded playlist Search results for: jakobstad
2023-10-10 21:10:12.259  INFO 21768 --- [XNIO-1 task-1] lavalink.server.io.RequestLoggingFilter  : GET /loadtracks?identifier=ytsearch%3Ajakobstad, client=127.0.0.1
2023-10-10 21:10:25.132  INFO 21768 --- [XNIO-1 I/O-4] lavalink.server.io.SocketServer          : {"op":"destroy","guildId":"445329368135237646"}
2023-10-10 21:10:36.039  INFO 21768 --- [XNIO-1 I/O-4] lavalink.server.io.SocketServer          : {"sessionId":"86dca156f1ca43eb29dce40b67e94f64","event":{"token":"a8011cf8579d3d62","guild_id":"445329368135237646","endpoint":"rotterdam11007.discord.media:443"},"op":"voiceUpdate","guildId":"445329368135237646"}
2023-10-10 21:10:36.040  INFO 21768 --- [XNIO-1 task-1] l.server.player.AudioLoaderRestHandler   : Got request to load for identifier "ytsearch:Dadi Vozo"
2023-10-10 21:10:36.399  INFO 21768 --- [lava-daemon-pool-info-loader-2-thread-1] lavalink.server.player.AudioLoader       : Loaded playlist Search results for: Dadi Vozo
2023-10-10 21:10:36.405  INFO 21768 --- [XNIO-1 task-1] lavalink.server.io.RequestLoggingFilter  : GET /loadtracks?identifier=ytsearch%3ADadi+Vozo, client=127.0.0.1
2023-10-10 21:10:48.899  INFO 21768 --- [XNIO-1 I/O-4] lavalink.server.io.SocketServer          : {"track":"QAAAigIAJ0RhZGkgVm96byAtIEpha29ic3RhZCAoT2ZmaWNpZWxsIHZpZGVvKQAJRGFkaSBWb3pvAAAAAAADrWgAC21XQjlaZTExa01BAAEAK2h0dHBzOi8vd3d3LnlvdXR1YmUuY29tL3dhdGNoP3Y9bVdCOVplMTFrTUEAB3lvdXR1YmUAAAAAAAAAAA==","op":"play","guildId":"445329368135237646"}
2023-10-10 21:14:50.023  INFO 21768 --- [XNIO-1 I/O-4] lavalink.server.io.SocketServer          : {"op":"destroy","guildId":"445329368135237646"}
2023-10-10 21:18:27.383  INFO 21768 --- [XNIO-1 I/O-4] lavalink.server.io.SocketServer          : {"sessionId":"86dca156f1ca43eb29dce40b67e94f64","event":{"token":"924378b5439d1224","guild_id":"445329368135237646","endpoint":"rotterdam11007.discord.media:443"},"op":"voiceUpdate","guildId":"445329368135237646"}
2023-10-10 21:18:27.387  INFO 21768 --- [XNIO-1 task-1] l.server.player.AudioLoaderRestHandler   : Got request to load for identifier "ytsearch:exde"
2023-10-10 21:18:27.848  INFO 21768 --- [lava-daemon-pool-info-loader-2-thread-1] lavalink.server.player.AudioLoader       : Loaded playlist Search results for: exde
2023-10-10 21:18:27.879  INFO 21768 --- [XNIO-1 task-1] lavalink.server.io.RequestLoggingFilter  : GET /loadtracks?identifier=ytsearch%3Aexde, client=127.0.0.1
2023-10-10 21:18:27.895  INFO 21768 --- [XNIO-1 I/O-4] lavalink.server.io.SocketServer          : {"track":"QAAAgQIAI0VYREUgLSBQUkVTUyAoT2ZmaWNpYWwgTXVzaWMgVmlkZW8pAARFWERFAAAAAAACs2gAC1E4a2pXYWxQSXZvAAEAK2h0dHBzOi8vd3d3LnlvdXR1YmUuY29tL3dhdGNoP3Y9UThraldhbFBJdm8AB3lvdXR1YmUAAAAAAAAAAA==","op":"play","guildId":"445329368135237646"}
2023-10-10 21:18:27.897  INFO 21768 --- [lava-daemon-pool-playback-1-thread-1] c.s.d.l.s.y.YoutubeAccessTokenTracker    : Updating YouTube visitor id (current is CgtKWGczUHFhZGY1USiJpZapBjIICgJBWBICEgA6CiCgvpSLkdHkkmU%3D).
2023-10-10 21:18:27.958  INFO 21768 --- [lava-daemon-pool-playback-1-thread-1] c.s.d.l.s.y.YoutubeAccessTokenTracker    : Updating YouTube visitor id succeeded, new one is Cgt2RWhfTEY0S011OCjwqpapBjIICgJBWBICEgA6CiDXqLvPha7lkmU%3D, next update will be after 600 seconds.
2023-10-10 21:21:24.823  INFO 21768 --- [XNIO-1 I/O-4] lavalink.server.io.SocketServer          : {"op":"destroy","guildId":"445329368135237646"}
2023-10-10 21:31:30.570  INFO 21768 --- [XNIO-1 I/O-4] lavalink.server.io.SocketServer          : {"sessionId":"86dca156f1ca43eb29dce40b67e94f64","event":{"token":"330bd9868af0939a","guild_id":"445329368135237646","endpoint":"rotterdam11007.discord.media:443"},"op":"voiceUpdate","guildId":"445329368135237646"}
2023-10-10 21:31:30.574  INFO 21768 --- [XNIO-1 task-1] l.server.player.AudioLoaderRestHandler   : Got request to load for identifier "ytsearch:underwater tujamo"
2023-10-10 21:31:31.090  INFO 21768 --- [lava-daemon-pool-info-loader-2-thread-1] lavalink.server.player.AudioLoader       : Loaded playlist Search results for: underwater tujamo
2023-10-10 21:31:31.107  INFO 21768 --- [XNIO-1 task-1] lavalink.server.io.RequestLoggingFilter  : GET /loadtracks?identifier=ytsearch%3Aunderwater+tujamo, client=127.0.0.1
2023-10-10 21:31:31.109  INFO 21768 --- [XNIO-1 I/O-4] lavalink.server.io.SocketServer          : {"track":"QAAAiAIAKFRVSkFNTyAtIFVuZGVyd2F0ZXIgKE9mZmljYWwgVmlzdWFsaXplcikABlRVSkFNTwAAAAAAAibIAAs1N0tWZHotLUZsTQABACtodHRwczovL3d3dy55b3V0dWJlLmNvbS93YXRjaD92PTU3S1Zkei0tRmxNAAd5b3V0dWJlAAAAAAAAAAA=","op":"play","guildId":"445329368135237646"}
2023-10-10 21:31:31.118  INFO 21768 --- [lava-daemon-pool-playback-1-thread-1] c.s.d.l.s.y.YoutubeAccessTokenTracker    : Updating YouTube visitor id (current is Cgt2RWhfTEY0S011OCjwqpapBjIICgJBWBICEgA6CiDXqLvPha7lkmU%3D).
2023-10-10 21:31:31.173  INFO 21768 --- [lava-daemon-pool-playback-1-thread-1] c.s.d.l.s.y.YoutubeAccessTokenTracker    : Updating YouTube visitor id succeeded, new one is CgtKWm9GSlVPemhzbyj_sJapBjIICgJBWBICEgA6CiDemcen8I_mkmU%3D, next update will be after 600 seconds.
2023-10-10 21:33:52.551  INFO 21768 --- [XNIO-1 I/O-4] lavalink.server.io.SocketServer          : {"op":"destroy","guildId":"445329368135237646"}
2023-10-10 22:10:53.818  INFO 21768 --- [XNIO-1 I/O-4] lavalink.server.io.SocketServer          : Connection closed from /127.0.0.1:64308 -- CloseStatus[code=1006, reason=]
2023-10-10 22:10:53.819  INFO 21768 --- [XNIO-1 I/O-4] lavalink.server.io.SocketContext         : Shutting down 0 playing players.
